<?xml version="1.0" encoding="UTF-8"?>
<testng-results ignored="0" total="1" passed="1" failed="0" skipped="0">
  <reporter-output>
  </reporter-output>
  <suite started-at="2025-04-30T18:11:24Z" name="Suite" finished-at="2025-04-30T18:11:24Z" duration-ms="30">
    <groups>
    </groups>
    <test started-at="2025-04-30T18:11:24Z" name="Test" finished-at="2025-04-30T18:11:24Z" duration-ms="30">
      <class name="exampleForm.TestingDemoClass">
        <test-method is-config="true" signature="beforeTest()[pri:0, instance:exampleForm.TestingDemoClass@5b247367]" started-at="2025-04-30T18:11:24Z" name="beforeTest" finished-at="2025-04-30T18:11:24Z" duration-ms="6" status="PASS">
          <reporter-output>
          </reporter-output>
        </test-method> <!-- beforeTest -->
        <test-method signature="testRun1()[pri:0, instance:exampleForm.TestingDemoClass@5b247367]" started-at="2025-04-30T18:11:24Z" name="testRun1" finished-at="2025-04-30T18:11:24Z" duration-ms="7" status="PASS">
          <reporter-output>
          </reporter-output>
        </test-method> <!-- testRun1 -->
        <test-method is-config="true" signature="turncateTest()[pri:0, instance:exampleForm.TestingDemoClass@5b247367]" started-at="2025-04-30T18:11:24Z" name="turncateTest" finished-at="2025-04-30T18:11:24Z" duration-ms="2" status="PASS">
          <reporter-output>
          </reporter-output>
        </test-method> <!-- turncateTest -->
      </class> <!-- exampleForm.TestingDemoClass -->
    </test> <!-- Test -->
  </suite> <!-- Suite -->
</testng-results>
